Analysis & Synthesis report for usomycaII
Mon Nov 03 15:15:05 2014
Quartus II 64-Bit Version 14.0.0 Build 200 06/17/2014 SJ Web Edition


---------------------
; Table of Contents ;
---------------------
  1. Legal Notice
  2. Analysis & Synthesis Summary
  3. Analysis & Synthesis Settings
  4. Parallel Compilation
  5. Analysis & Synthesis Source Files Read
  6. Analysis & Synthesis Resource Usage Summary
  7. Analysis & Synthesis Resource Utilization by Entity
  8. Analysis & Synthesis RAM Summary
  9. Analysis & Synthesis IP Cores Summary
 10. General Register Statistics
 11. Inverted Register Statistics
 12. Multiplexer Restructuring Statistics (Restructuring Performed)
 13. Source assignments for rom:rom_inst|altsyncram:altsyncram_component|altsyncram_4sb1:auto_generated|altsyncram_h8d2:altsyncram1
 14. Parameter Settings for User Entity Instance: rom:rom_inst|altsyncram:altsyncram_component
 15. altsyncram Parameter Settings by Entity Instance
 16. Port Connectivity Checks: "muxflag:muxflag1"
 17. Port Connectivity Checks: "rom:rom_inst"
 18. Port Connectivity Checks: "MycaII:imycaII"
 19. In-System Memory Content Editor Settings
 20. Post-Synthesis Netlist Statistics for Top Partition
 21. Elapsed Time Per Partition
 22. Analysis & Synthesis Messages



----------------
; Legal Notice ;
----------------
Copyright (C) 1991-2014 Altera Corporation. All rights reserved.
Your use of Altera Corporation's design tools, logic functions 
and other software and tools, and its AMPP partner logic 
functions, and any output files from any of the foregoing 
(including device programming or simulation files), and any 
associated documentation or information are expressly subject 
to the terms and conditions of the Altera Program License 
Subscription Agreement, the Altera Quartus II License Agreement,
the Altera MegaCore Function License Agreement, or other 
applicable license agreement, including, without limitation, 
that your use is for the sole purpose of programming logic 
devices manufactured by Altera and sold by Altera or its 
authorized distributors.  Please refer to the applicable 
agreement for further details.



+---------------------------------------------------------------------------------+
; Analysis & Synthesis Summary                                                    ;
+------------------------------------+--------------------------------------------+
; Analysis & Synthesis Status        ; Successful - Mon Nov 03 15:15:04 2014      ;
; Quartus II 64-Bit Version          ; 14.0.0 Build 200 06/17/2014 SJ Web Edition ;
; Revision Name                      ; usomycaII                                  ;
; Top-level Entity Name              ; usomycaII                                  ;
; Family                             ; Cyclone IV E                               ;
; Total logic elements               ; 306                                        ;
;     Total combinational functions  ; 281                                        ;
;     Dedicated logic registers      ; 182                                        ;
; Total registers                    ; 182                                        ;
; Total pins                         ; 20                                         ;
; Total virtual pins                 ; 0                                          ;
; Total memory bits                  ; 416                                        ;
; Embedded Multiplier 9-bit elements ; 0                                          ;
; Total PLLs                         ; 0                                          ;
+------------------------------------+--------------------------------------------+


+----------------------------------------------------------------------------------------------------------------------+
; Analysis & Synthesis Settings                                                                                        ;
+----------------------------------------------------------------------------+--------------------+--------------------+
; Option                                                                     ; Setting            ; Default Value      ;
+----------------------------------------------------------------------------+--------------------+--------------------+
; Device                                                                     ; EP4CE22F17C6       ;                    ;
; Top-level entity name                                                      ; usomycaII          ; usomycaII          ;
; Family name                                                                ; Cyclone IV E       ; Cyclone IV GX      ;
; Use smart compilation                                                      ; Off                ; Off                ;
; Enable parallel Assembler and TimeQuest Timing Analyzer during compilation ; On                 ; On                 ;
; Enable compact report table                                                ; Off                ; Off                ;
; Restructure Multiplexers                                                   ; Auto               ; Auto               ;
; Create Debugging Nodes for IP Cores                                        ; Off                ; Off                ;
; Preserve fewer node names                                                  ; On                 ; On                 ;
; Disable OpenCore Plus hardware evaluation                                  ; Off                ; Off                ;
; Verilog Version                                                            ; Verilog_2001       ; Verilog_2001       ;
; VHDL Version                                                               ; VHDL_1993          ; VHDL_1993          ;
; State Machine Processing                                                   ; Auto               ; Auto               ;
; Safe State Machine                                                         ; Off                ; Off                ;
; Extract Verilog State Machines                                             ; On                 ; On                 ;
; Extract VHDL State Machines                                                ; On                 ; On                 ;
; Ignore Verilog initial constructs                                          ; Off                ; Off                ;
; Iteration limit for constant Verilog loops                                 ; 5000               ; 5000               ;
; Iteration limit for non-constant Verilog loops                             ; 250                ; 250                ;
; Add Pass-Through Logic to Inferred RAMs                                    ; On                 ; On                 ;
; Infer RAMs from Raw Logic                                                  ; On                 ; On                 ;
; Parallel Synthesis                                                         ; On                 ; On                 ;
; DSP Block Balancing                                                        ; Auto               ; Auto               ;
; NOT Gate Push-Back                                                         ; On                 ; On                 ;
; Power-Up Don't Care                                                        ; On                 ; On                 ;
; Remove Redundant Logic Cells                                               ; Off                ; Off                ;
; Remove Duplicate Registers                                                 ; On                 ; On                 ;
; Ignore CARRY Buffers                                                       ; Off                ; Off                ;
; Ignore CASCADE Buffers                                                     ; Off                ; Off                ;
; Ignore GLOBAL Buffers                                                      ; Off                ; Off                ;
; Ignore ROW GLOBAL Buffers                                                  ; Off                ; Off                ;
; Ignore LCELL Buffers                                                       ; Off                ; Off                ;
; Ignore SOFT Buffers                                                        ; On                 ; On                 ;
; Limit AHDL Integers to 32 Bits                                             ; Off                ; Off                ;
; Optimization Technique                                                     ; Balanced           ; Balanced           ;
; Carry Chain Length                                                         ; 70                 ; 70                 ;
; Auto Carry Chains                                                          ; On                 ; On                 ;
; Auto Open-Drain Pins                                                       ; On                 ; On                 ;
; Perform WYSIWYG Primitive Resynthesis                                      ; Off                ; Off                ;
; Auto ROM Replacement                                                       ; On                 ; On                 ;
; Auto RAM Replacement                                                       ; On                 ; On                 ;
; Auto DSP Block Replacement                                                 ; On                 ; On                 ;
; Auto Shift Register Replacement                                            ; Auto               ; Auto               ;
; Allow Shift Register Merging across Hierarchies                            ; Auto               ; Auto               ;
; Auto Clock Enable Replacement                                              ; On                 ; On                 ;
; Strict RAM Replacement                                                     ; Off                ; Off                ;
; Allow Synchronous Control Signals                                          ; On                 ; On                 ;
; Force Use of Synchronous Clear Signals                                     ; Off                ; Off                ;
; Auto RAM Block Balancing                                                   ; On                 ; On                 ;
; Auto RAM to Logic Cell Conversion                                          ; Off                ; Off                ;
; Auto Resource Sharing                                                      ; Off                ; Off                ;
; Allow Any RAM Size For Recognition                                         ; Off                ; Off                ;
; Allow Any ROM Size For Recognition                                         ; Off                ; Off                ;
; Allow Any Shift Register Size For Recognition                              ; Off                ; Off                ;
; Use LogicLock Constraints during Resource Balancing                        ; On                 ; On                 ;
; Ignore translate_off and synthesis_off directives                          ; Off                ; Off                ;
; Timing-Driven Synthesis                                                    ; On                 ; On                 ;
; Report Parameter Settings                                                  ; On                 ; On                 ;
; Report Source Assignments                                                  ; On                 ; On                 ;
; Report Connectivity Checks                                                 ; On                 ; On                 ;
; Ignore Maximum Fan-Out Assignments                                         ; Off                ; Off                ;
; Synchronization Register Chain Length                                      ; 2                  ; 2                  ;
; PowerPlay Power Optimization                                               ; Normal compilation ; Normal compilation ;
; HDL message level                                                          ; Level2             ; Level2             ;
; Suppress Register Optimization Related Messages                            ; Off                ; Off                ;
; Number of Removed Registers Reported in Synthesis Report                   ; 5000               ; 5000               ;
; Number of Swept Nodes Reported in Synthesis Report                         ; 5000               ; 5000               ;
; Number of Inverted Registers Reported in Synthesis Report                  ; 100                ; 100                ;
; Clock MUX Protection                                                       ; On                 ; On                 ;
; Auto Gated Clock Conversion                                                ; Off                ; Off                ;
; Block Design Naming                                                        ; Auto               ; Auto               ;
; SDC constraint protection                                                  ; Off                ; Off                ;
; Synthesis Effort                                                           ; Auto               ; Auto               ;
; Shift Register Replacement - Allow Asynchronous Clear Signal               ; On                 ; On                 ;
; Pre-Mapping Resynthesis Optimization                                       ; Off                ; Off                ;
; Analysis & Synthesis Message Level                                         ; Medium             ; Medium             ;
; Disable Register Merging Across Hierarchies                                ; Auto               ; Auto               ;
; Resource Aware Inference For Block RAM                                     ; On                 ; On                 ;
; Synthesis Seed                                                             ; 1                  ; 1                  ;
+----------------------------------------------------------------------------+--------------------+--------------------+


Parallel compilation was disabled, but you have multiple processors available. Enable parallel compilation to reduce compilation time.
+-------------------------------------+
; Parallel Compilation                ;
+----------------------------+--------+
; Processors                 ; Number ;
+----------------------------+--------+
; Number detected on machine ; 2      ;
; Maximum allowed            ; 1      ;
+----------------------------+--------+


+-----------------------------------------------------------------------------------------------------------------------------------------------------------------------------+
; Analysis & Synthesis Source Files Read                                                                                                                                      ;
+----------------------------------+-----------------+---------------------------------------+----------------------------------------------------------------------+---------+
; File Name with User-Entered Path ; Used in Netlist ; File Type                             ; File Name with Absolute Path                                         ; Library ;
+----------------------------------+-----------------+---------------------------------------+----------------------------------------------------------------------+---------+
; ../UsoMyca1/div.v                ; yes             ; User Verilog HDL File                 ; C:/Users/Xwx47/Documents/Altera/UsoMyca1/div.v                       ;         ;
; muxflag.v                        ; yes             ; User Verilog HDL File                 ; C:/Users/Xwx47/Documents/Altera/UsoMycaII/muxflag.v                  ;         ;
; ../Mica2/stack.v                 ; yes             ; User Verilog HDL File                 ; C:/Users/Xwx47/Documents/Altera/Mica2/stack.v                        ;         ;
; ../Mica2/pc.v                    ; yes             ; User Verilog HDL File                 ; C:/Users/Xwx47/Documents/Altera/Mica2/pc.v                           ;         ;
; ../Mica2/MycaII.v                ; yes             ; User Verilog HDL File                 ; C:/Users/Xwx47/Documents/Altera/Mica2/MycaII.v                       ;         ;
; ../Mica2/mux_1.v                 ; yes             ; User Verilog HDL File                 ; C:/Users/Xwx47/Documents/Altera/Mica2/mux_1.v                        ;         ;
; ../Mica2/mrm.v                   ; yes             ; User Verilog HDL File                 ; C:/Users/Xwx47/Documents/Altera/Mica2/mrm.v                          ;         ;
; ../Mica2/dr.v                    ; yes             ; User Verilog HDL File                 ; C:/Users/Xwx47/Documents/Altera/Mica2/dr.v                           ;         ;
; usomycaII.v                      ; yes             ; User Verilog HDL File                 ; C:/Users/Xwx47/Documents/Altera/UsoMycaII/usomycaII.v                ;         ;
; datos.hex                        ; yes             ; User Hexadecimal (Intel-Format) File  ; C:/Users/Xwx47/Documents/Altera/UsoMycaII/datos.hex                  ;         ;
; rom.v                            ; yes             ; User Wizard-Generated File            ; C:/Users/Xwx47/Documents/Altera/UsoMycaII/rom.v                      ;         ;
; altsyncram.tdf                   ; yes             ; Megafunction                          ; c:/altera/14.0/quartus/libraries/megafunctions/altsyncram.tdf        ;         ;
; stratix_ram_block.inc            ; yes             ; Megafunction                          ; c:/altera/14.0/quartus/libraries/megafunctions/stratix_ram_block.inc ;         ;
; lpm_mux.inc                      ; yes             ; Megafunction                          ; c:/altera/14.0/quartus/libraries/megafunctions/lpm_mux.inc           ;         ;
; lpm_decode.inc                   ; yes             ; Megafunction                          ; c:/altera/14.0/quartus/libraries/megafunctions/lpm_decode.inc        ;         ;
; aglobal140.inc                   ; yes             ; Megafunction                          ; c:/altera/14.0/quartus/libraries/megafunctions/aglobal140.inc        ;         ;
; a_rdenreg.inc                    ; yes             ; Megafunction                          ; c:/altera/14.0/quartus/libraries/megafunctions/a_rdenreg.inc         ;         ;
; altrom.inc                       ; yes             ; Megafunction                          ; c:/altera/14.0/quartus/libraries/megafunctions/altrom.inc            ;         ;
; altram.inc                       ; yes             ; Megafunction                          ; c:/altera/14.0/quartus/libraries/megafunctions/altram.inc            ;         ;
; altdpram.inc                     ; yes             ; Megafunction                          ; c:/altera/14.0/quartus/libraries/megafunctions/altdpram.inc          ;         ;
; db/altsyncram_4sb1.tdf           ; yes             ; Auto-Generated Megafunction           ; C:/Users/Xwx47/Documents/Altera/UsoMycaII/db/altsyncram_4sb1.tdf     ;         ;
; db/altsyncram_h8d2.tdf           ; yes             ; Auto-Generated Megafunction           ; C:/Users/Xwx47/Documents/Altera/UsoMycaII/db/altsyncram_h8d2.tdf     ;         ;
; sld_mod_ram_rom.vhd              ; yes             ; Encrypted Megafunction                ; c:/altera/14.0/quartus/libraries/megafunctions/sld_mod_ram_rom.vhd   ;         ;
; sld_rom_sr.vhd                   ; yes             ; Encrypted Megafunction                ; c:/altera/14.0/quartus/libraries/megafunctions/sld_rom_sr.vhd        ;         ;
; sld_hub.vhd                      ; yes             ; Encrypted Megafunction                ; c:/altera/14.0/quartus/libraries/megafunctions/sld_hub.vhd           ;         ;
; sld_jtag_hub.vhd                 ; yes             ; Encrypted Megafunction                ; c:/altera/14.0/quartus/libraries/megafunctions/sld_jtag_hub.vhd      ;         ;
+----------------------------------+-----------------+---------------------------------------+----------------------------------------------------------------------+---------+


+------------------------------------------------------------------------+
; Analysis & Synthesis Resource Usage Summary                            ;
+---------------------------------------------+--------------------------+
; Resource                                    ; Usage                    ;
+---------------------------------------------+--------------------------+
; Estimated Total logic elements              ; 306                      ;
;                                             ;                          ;
; Total combinational functions               ; 281                      ;
; Logic element usage by number of LUT inputs ;                          ;
;     -- 4 input functions                    ; 119                      ;
;     -- 3 input functions                    ; 68                       ;
;     -- <=2 input functions                  ; 94                       ;
;                                             ;                          ;
; Logic elements by mode                      ;                          ;
;     -- normal mode                          ; 238                      ;
;     -- arithmetic mode                      ; 43                       ;
;                                             ;                          ;
; Total registers                             ; 182                      ;
;     -- Dedicated logic registers            ; 182                      ;
;     -- I/O registers                        ; 0                        ;
;                                             ;                          ;
; I/O pins                                    ; 20                       ;
; Total memory bits                           ; 416                      ;
; Embedded Multiplier 9-bit elements          ; 0                        ;
; Maximum fan-out node                        ; altera_internal_jtag~TDO ;
; Maximum fan-out                             ; 153                      ;
; Total fan-out                               ; 1652                     ;
; Average fan-out                             ; 3.15                     ;
+---------------------------------------------+--------------------------+


+----------------------------------------------------------------------------------------------------------------------------------------------------------------------------------------------------------------------------------------------------------------------------------------------------------------------------------------------------------------------------+
; Analysis & Synthesis Resource Utilization by Entity                                                                                                                                                                                                                                                                                                                        ;
+------------------------------------------------------------------------+-------------------+--------------+-------------+--------------+---------+-----------+------+--------------+------------------------------------------------------------------------------------------------------------------------------------------------------------------------+--------------+
; Compilation Hierarchy Node                                             ; LC Combinationals ; LC Registers ; Memory Bits ; DSP Elements ; DSP 9x9 ; DSP 18x18 ; Pins ; Virtual Pins ; Full Hierarchy Name                                                                                                                                                    ; Library Name ;
+------------------------------------------------------------------------+-------------------+--------------+-------------+--------------+---------+-----------+------+--------------+------------------------------------------------------------------------------------------------------------------------------------------------------------------------+--------------+
; |usomycaII                                                             ; 281 (1)           ; 182 (0)      ; 416         ; 0            ; 0       ; 0         ; 20   ; 0            ; |usomycaII                                                                                                                                                             ; work         ;
;    |MycaII:imycaII|                                                    ; 105 (0)           ; 66 (0)       ; 0           ; 0            ; 0       ; 0         ; 0    ; 0            ; |usomycaII|MycaII:imycaII                                                                                                                                              ; work         ;
;       |div:div1|                                                       ; 46 (46)           ; 26 (26)      ; 0           ; 0            ; 0       ; 0         ; 0    ; 0            ; |usomycaII|MycaII:imycaII|div:div1                                                                                                                                     ; work         ;
;       |mrm:mrm1|                                                       ; 5 (5)             ; 0 (0)        ; 0           ; 0            ; 0       ; 0         ; 0    ; 0            ; |usomycaII|MycaII:imycaII|mrm:mrm1                                                                                                                                     ; work         ;
;       |pc:pc1|                                                         ; 21 (21)           ; 8 (8)        ; 0           ; 0            ; 0       ; 0         ; 0    ; 0            ; |usomycaII|MycaII:imycaII|pc:pc1                                                                                                                                       ; work         ;
;       |stack:stack1|                                                   ; 33 (33)           ; 32 (32)      ; 0           ; 0            ; 0       ; 0         ; 0    ; 0            ; |usomycaII|MycaII:imycaII|stack:stack1                                                                                                                                 ; work         ;
;    |muxflag:muxflag1|                                                  ; 5 (5)             ; 0 (0)        ; 0           ; 0            ; 0       ; 0         ; 0    ; 0            ; |usomycaII|muxflag:muxflag1                                                                                                                                            ; work         ;
;    |rom:rom_inst|                                                      ; 58 (0)            ; 36 (0)       ; 416         ; 0            ; 0       ; 0         ; 0    ; 0            ; |usomycaII|rom:rom_inst                                                                                                                                                ; work         ;
;       |altsyncram:altsyncram_component|                                ; 58 (0)            ; 36 (0)       ; 416         ; 0            ; 0       ; 0         ; 0    ; 0            ; |usomycaII|rom:rom_inst|altsyncram:altsyncram_component                                                                                                                ; work         ;
;          |altsyncram_4sb1:auto_generated|                              ; 58 (0)            ; 36 (0)       ; 416         ; 0            ; 0       ; 0         ; 0    ; 0            ; |usomycaII|rom:rom_inst|altsyncram:altsyncram_component|altsyncram_4sb1:auto_generated                                                                                 ; work         ;
;             |altsyncram_h8d2:altsyncram1|                              ; 0 (0)             ; 0 (0)        ; 416         ; 0            ; 0       ; 0         ; 0    ; 0            ; |usomycaII|rom:rom_inst|altsyncram:altsyncram_component|altsyncram_4sb1:auto_generated|altsyncram_h8d2:altsyncram1                                                     ; work         ;
;             |sld_mod_ram_rom:mgl_prim2|                                ; 58 (40)           ; 36 (28)      ; 0           ; 0            ; 0       ; 0         ; 0    ; 0            ; |usomycaII|rom:rom_inst|altsyncram:altsyncram_component|altsyncram_4sb1:auto_generated|sld_mod_ram_rom:mgl_prim2                                                       ; work         ;
;                |sld_rom_sr:\ram_rom_logic_gen:no_name_gen:info_rom_sr| ; 18 (18)           ; 8 (8)        ; 0           ; 0            ; 0       ; 0         ; 0    ; 0            ; |usomycaII|rom:rom_inst|altsyncram:altsyncram_component|altsyncram_4sb1:auto_generated|sld_mod_ram_rom:mgl_prim2|sld_rom_sr:\ram_rom_logic_gen:no_name_gen:info_rom_sr ; work         ;
;    |sld_hub:auto_hub|                                                  ; 112 (1)           ; 80 (0)       ; 0           ; 0            ; 0       ; 0         ; 0    ; 0            ; |usomycaII|sld_hub:auto_hub                                                                                                                                            ; work         ;
;       |sld_jtag_hub:\jtag_hub_gen:sld_jtag_hub_inst|                   ; 111 (74)          ; 80 (52)      ; 0           ; 0            ; 0       ; 0         ; 0    ; 0            ; |usomycaII|sld_hub:auto_hub|sld_jtag_hub:\jtag_hub_gen:sld_jtag_hub_inst                                                                                               ; work         ;
;          |sld_rom_sr:hub_info_reg|                                     ; 20 (20)           ; 9 (9)        ; 0           ; 0            ; 0       ; 0         ; 0    ; 0            ; |usomycaII|sld_hub:auto_hub|sld_jtag_hub:\jtag_hub_gen:sld_jtag_hub_inst|sld_rom_sr:hub_info_reg                                                                       ; work         ;
;          |sld_shadow_jsm:shadow_jsm|                                   ; 17 (17)           ; 19 (19)      ; 0           ; 0            ; 0       ; 0         ; 0    ; 0            ; |usomycaII|sld_hub:auto_hub|sld_jtag_hub:\jtag_hub_gen:sld_jtag_hub_inst|sld_shadow_jsm:shadow_jsm                                                                     ; work         ;
+------------------------------------------------------------------------+-------------------+--------------+-------------+--------------+---------+-----------+------+--------------+------------------------------------------------------------------------------------------------------------------------------------------------------------------------+--------------+
Note: For table entries with two numbers listed, the numbers in parentheses indicate the number of resources of the given type used by the specific entity alone. The numbers listed outside of parentheses indicate the total resources of the given type used by the specific entity and all of its sub-entities in the hierarchy.


+---------------------------------------------------------------------------------------------------------------------------------------------------------------------------------------------------------------------------+
; Analysis & Synthesis RAM Summary                                                                                                                                                                                          ;
+--------------------------------------------------------------------------------------------------------------------+------+----------------+--------------+--------------+--------------+--------------+------+-----------+
; Name                                                                                                               ; Type ; Mode           ; Port A Depth ; Port A Width ; Port B Depth ; Port B Width ; Size ; MIF       ;
+--------------------------------------------------------------------------------------------------------------------+------+----------------+--------------+--------------+--------------+--------------+------+-----------+
; rom:rom_inst|altsyncram:altsyncram_component|altsyncram_4sb1:auto_generated|altsyncram_h8d2:altsyncram1|ALTSYNCRAM ; AUTO ; True Dual Port ; 32           ; 13           ; 32           ; 13           ; 416  ; datos.hex ;
+--------------------------------------------------------------------------------------------------------------------+------+----------------+--------------+--------------+--------------+--------------+------+-----------+


+-----------------------------------------------------------------------------------------------------------+
; Analysis & Synthesis IP Cores Summary                                                                     ;
+--------+--------------+---------+--------------+--------------+-------------------------+-----------------+
; Vendor ; IP Core Name ; Version ; Release Date ; License Type ; Entity Instance         ; IP Include File ;
+--------+--------------+---------+--------------+--------------+-------------------------+-----------------+
; Altera ; ROM: 1-PORT  ; 14.0    ; N/A          ; N/A          ; |usomycaII|rom:rom_inst ; rom.v           ;
+--------+--------------+---------+--------------+--------------+-------------------------+-----------------+


+------------------------------------------------------+
; General Register Statistics                          ;
+----------------------------------------------+-------+
; Statistic                                    ; Value ;
+----------------------------------------------+-------+
; Total registers                              ; 182   ;
; Number of registers using Synchronous Clear  ; 12    ;
; Number of registers using Synchronous Load   ; 24    ;
; Number of registers using Asynchronous Clear ; 43    ;
; Number of registers using Asynchronous Load  ; 0     ;
; Number of registers using Clock Enable       ; 124   ;
; Number of registers using Preset             ; 0     ;
+----------------------------------------------+-------+


+----------------------------------------------------------------------------------------+
; Inverted Register Statistics                                                           ;
+------------------------------------------------------------------------------+---------+
; Inverted Register                                                            ; Fan out ;
+------------------------------------------------------------------------------+---------+
; sld_hub:auto_hub|sld_jtag_hub:\jtag_hub_gen:sld_jtag_hub_inst|tdo            ; 1       ;
; sld_hub:auto_hub|sld_jtag_hub:\jtag_hub_gen:sld_jtag_hub_inst|jtag_ir_reg[2] ; 2       ;
; sld_hub:auto_hub|sld_jtag_hub:\jtag_hub_gen:sld_jtag_hub_inst|jtag_ir_reg[1] ; 3       ;
; Total number of inverted registers = 3                                       ;         ;
+------------------------------------------------------------------------------+---------+


+------------------------------------------------------------------------------------------------------------------------------------------------------------------------------------------------------------------------------------------------------------------------------------------------------+
; Multiplexer Restructuring Statistics (Restructuring Performed)                                                                                                                                                                                                                                       ;
+--------------------+-----------+---------------+----------------------+------------------------+------------+----------------------------------------------------------------------------------------------------------------------------------------------------------------------------------------+
; Multiplexer Inputs ; Bus Width ; Baseline Area ; Area if Restructured ; Saving if Restructured ; Registered ; Example Multiplexer Output                                                                                                                                                             ;
+--------------------+-----------+---------------+----------------------+------------------------+------------+----------------------------------------------------------------------------------------------------------------------------------------------------------------------------------------+
; 3:1                ; 4 bits    ; 8 LEs         ; 4 LEs                ; 4 LEs                  ; Yes        ; |usomycaII|rom:rom_inst|altsyncram:altsyncram_component|altsyncram_4sb1:auto_generated|sld_mod_ram_rom:mgl_prim2|ram_rom_data_shift_cntr_reg[3]                                        ;
; 3:1                ; 13 bits   ; 26 LEs        ; 13 LEs               ; 13 LEs                 ; Yes        ; |usomycaII|rom:rom_inst|altsyncram:altsyncram_component|altsyncram_4sb1:auto_generated|sld_mod_ram_rom:mgl_prim2|ram_rom_data_reg[0]                                                   ;
; 3:1                ; 5 bits    ; 10 LEs        ; 5 LEs                ; 5 LEs                  ; Yes        ; |usomycaII|rom:rom_inst|altsyncram:altsyncram_component|altsyncram_4sb1:auto_generated|sld_mod_ram_rom:mgl_prim2|ram_rom_addr_reg[3]                                                   ;
; 4:1                ; 8 bits    ; 16 LEs        ; 16 LEs               ; 0 LEs                  ; Yes        ; |usomycaII|MycaII:imycaII|stack:stack1|r5[3]                                                                                                                                           ;
; 5:1                ; 4 bits    ; 12 LEs        ; 4 LEs                ; 8 LEs                  ; Yes        ; |usomycaII|rom:rom_inst|altsyncram:altsyncram_component|altsyncram_4sb1:auto_generated|sld_mod_ram_rom:mgl_prim2|sld_rom_sr:\ram_rom_logic_gen:no_name_gen:info_rom_sr|word_counter[3] ;
; 5:1                ; 5 bits    ; 15 LEs        ; 10 LEs               ; 5 LEs                  ; Yes        ; |usomycaII|MycaII:imycaII|pc:pc1|rQ[7]                                                                                                                                                 ;
; 5:1                ; 3 bits    ; 9 LEs         ; 6 LEs                ; 3 LEs                  ; Yes        ; |usomycaII|MycaII:imycaII|pc:pc1|rQ[2]                                                                                                                                                 ;
; 16:1               ; 4 bits    ; 40 LEs        ; 20 LEs               ; 20 LEs                 ; Yes        ; |usomycaII|rom:rom_inst|altsyncram:altsyncram_component|altsyncram_4sb1:auto_generated|sld_mod_ram_rom:mgl_prim2|sld_rom_sr:\ram_rom_logic_gen:no_name_gen:info_rom_sr|WORD_SR[0]      ;
+--------------------+-----------+---------------+----------------------+------------------------+------------+----------------------------------------------------------------------------------------------------------------------------------------------------------------------------------------+


+--------------------------------------------------------------------------------------------------------------------------------+
; Source assignments for rom:rom_inst|altsyncram:altsyncram_component|altsyncram_4sb1:auto_generated|altsyncram_h8d2:altsyncram1 ;
+---------------------------------+--------------------+------+------------------------------------------------------------------+
; Assignment                      ; Value              ; From ; To                                                               ;
+---------------------------------+--------------------+------+------------------------------------------------------------------+
; OPTIMIZE_POWER_DURING_SYNTHESIS ; NORMAL_COMPILATION ; -    ; -                                                                ;
+---------------------------------+--------------------+------+------------------------------------------------------------------+


+-------------------------------------------------------------------------------------------+
; Parameter Settings for User Entity Instance: rom:rom_inst|altsyncram:altsyncram_component ;
+------------------------------------+----------------------+-------------------------------+
; Parameter Name                     ; Value                ; Type                          ;
+------------------------------------+----------------------+-------------------------------+
; BYTE_SIZE_BLOCK                    ; 8                    ; Untyped                       ;
; AUTO_CARRY_CHAINS                  ; ON                   ; AUTO_CARRY                    ;
; IGNORE_CARRY_BUFFERS               ; OFF                  ; IGNORE_CARRY                  ;
; AUTO_CASCADE_CHAINS                ; ON                   ; AUTO_CASCADE                  ;
; IGNORE_CASCADE_BUFFERS             ; OFF                  ; IGNORE_CASCADE                ;
; WIDTH_BYTEENA                      ; 1                    ; Untyped                       ;
; OPERATION_MODE                     ; ROM                  ; Untyped                       ;
; WIDTH_A                            ; 13                   ; Signed Integer                ;
; WIDTHAD_A                          ; 5                    ; Signed Integer                ;
; NUMWORDS_A                         ; 32                   ; Signed Integer                ;
; OUTDATA_REG_A                      ; UNREGISTERED         ; Untyped                       ;
; ADDRESS_ACLR_A                     ; NONE                 ; Untyped                       ;
; OUTDATA_ACLR_A                     ; NONE                 ; Untyped                       ;
; WRCONTROL_ACLR_A                   ; NONE                 ; Untyped                       ;
; INDATA_ACLR_A                      ; NONE                 ; Untyped                       ;
; BYTEENA_ACLR_A                     ; NONE                 ; Untyped                       ;
; WIDTH_B                            ; 1                    ; Untyped                       ;
; WIDTHAD_B                          ; 1                    ; Untyped                       ;
; NUMWORDS_B                         ; 1                    ; Untyped                       ;
; INDATA_REG_B                       ; CLOCK1               ; Untyped                       ;
; WRCONTROL_WRADDRESS_REG_B          ; CLOCK1               ; Untyped                       ;
; RDCONTROL_REG_B                    ; CLOCK1               ; Untyped                       ;
; ADDRESS_REG_B                      ; CLOCK1               ; Untyped                       ;
; OUTDATA_REG_B                      ; UNREGISTERED         ; Untyped                       ;
; BYTEENA_REG_B                      ; CLOCK1               ; Untyped                       ;
; INDATA_ACLR_B                      ; NONE                 ; Untyped                       ;
; WRCONTROL_ACLR_B                   ; NONE                 ; Untyped                       ;
; ADDRESS_ACLR_B                     ; NONE                 ; Untyped                       ;
; OUTDATA_ACLR_B                     ; NONE                 ; Untyped                       ;
; RDCONTROL_ACLR_B                   ; NONE                 ; Untyped                       ;
; BYTEENA_ACLR_B                     ; NONE                 ; Untyped                       ;
; WIDTH_BYTEENA_A                    ; 1                    ; Signed Integer                ;
; WIDTH_BYTEENA_B                    ; 1                    ; Untyped                       ;
; RAM_BLOCK_TYPE                     ; AUTO                 ; Untyped                       ;
; BYTE_SIZE                          ; 8                    ; Untyped                       ;
; READ_DURING_WRITE_MODE_MIXED_PORTS ; DONT_CARE            ; Untyped                       ;
; READ_DURING_WRITE_MODE_PORT_A      ; NEW_DATA_NO_NBE_READ ; Untyped                       ;
; READ_DURING_WRITE_MODE_PORT_B      ; NEW_DATA_NO_NBE_READ ; Untyped                       ;
; INIT_FILE                          ; datos.hex            ; Untyped                       ;
; INIT_FILE_LAYOUT                   ; PORT_A               ; Untyped                       ;
; MAXIMUM_DEPTH                      ; 0                    ; Untyped                       ;
; CLOCK_ENABLE_INPUT_A               ; BYPASS               ; Untyped                       ;
; CLOCK_ENABLE_INPUT_B               ; NORMAL               ; Untyped                       ;
; CLOCK_ENABLE_OUTPUT_A              ; BYPASS               ; Untyped                       ;
; CLOCK_ENABLE_OUTPUT_B              ; NORMAL               ; Untyped                       ;
; CLOCK_ENABLE_CORE_A                ; USE_INPUT_CLKEN      ; Untyped                       ;
; CLOCK_ENABLE_CORE_B                ; USE_INPUT_CLKEN      ; Untyped                       ;
; ENABLE_ECC                         ; FALSE                ; Untyped                       ;
; ECC_PIPELINE_STAGE_ENABLED         ; FALSE                ; Untyped                       ;
; WIDTH_ECCSTATUS                    ; 3                    ; Untyped                       ;
; DEVICE_FAMILY                      ; Cyclone IV E         ; Untyped                       ;
; CBXI_PARAMETER                     ; altsyncram_4sb1      ; Untyped                       ;
+------------------------------------+----------------------+-------------------------------+
Note: In order to hide this table in the UI and the text report file, please set the "Show Parameter Settings in Synthesis Report" option in "Analysis and Synthesis Settings -> More Settings" to "Off".


+------------------------------------------------------------------------------------------+
; altsyncram Parameter Settings by Entity Instance                                         ;
+-------------------------------------------+----------------------------------------------+
; Name                                      ; Value                                        ;
+-------------------------------------------+----------------------------------------------+
; Number of entity instances                ; 1                                            ;
; Entity Instance                           ; rom:rom_inst|altsyncram:altsyncram_component ;
;     -- OPERATION_MODE                     ; ROM                                          ;
;     -- WIDTH_A                            ; 13                                           ;
;     -- NUMWORDS_A                         ; 32                                           ;
;     -- OUTDATA_REG_A                      ; UNREGISTERED                                 ;
;     -- WIDTH_B                            ; 1                                            ;
;     -- NUMWORDS_B                         ; 1                                            ;
;     -- ADDRESS_REG_B                      ; CLOCK1                                       ;
;     -- OUTDATA_REG_B                      ; UNREGISTERED                                 ;
;     -- RAM_BLOCK_TYPE                     ; AUTO                                         ;
;     -- READ_DURING_WRITE_MODE_MIXED_PORTS ; DONT_CARE                                    ;
+-------------------------------------------+----------------------------------------------+


+---------------------------------------------------------------------------------------------------------------------------------------------------------------------+
; Port Connectivity Checks: "muxflag:muxflag1"                                                                                                                        ;
+------+-------+----------+-------------------------------------------------------------------------------------------------------------------------------------------+
; Port ; Type  ; Severity ; Details                                                                                                                                   ;
+------+-------+----------+-------------------------------------------------------------------------------------------------------------------------------------------+
; i    ; Input ; Warning  ; Input port expression (7 bits) is smaller than the input port (8 bits) it drives.  Extra input bit(s) "i[7..7]" will be connected to GND. ;
+------+-------+----------+-------------------------------------------------------------------------------------------------------------------------------------------+


+---------------------------------------------------------------------------------------------------------------------------------------------------------------------------------------------------------------+
; Port Connectivity Checks: "rom:rom_inst"                                                                                                                                                                      ;
+---------+-------+----------+----------------------------------------------------------------------------------------------------------------------------------------------------------------------------------+
; Port    ; Type  ; Severity ; Details                                                                                                                                                                          ;
+---------+-------+----------+----------------------------------------------------------------------------------------------------------------------------------------------------------------------------------+
; address ; Input ; Warning  ; Input port expression (8 bits) is wider than the input port (5 bits) it drives.  The 3 most-significant bit(s) in the expression will be dangling if they have no other fanouts. ;
+---------+-------+----------+----------------------------------------------------------------------------------------------------------------------------------------------------------------------------------+


+------------------------------------------------------------------------------------------------------------------------------------------------------------------------+
; Port Connectivity Checks: "MycaII:imycaII"                                                                                                                             ;
+------+-------+----------+----------------------------------------------------------------------------------------------------------------------------------------------+
; Port ; Type  ; Severity ; Details                                                                                                                                      ;
+------+-------+----------+----------------------------------------------------------------------------------------------------------------------------------------------+
; DIRB ; Input ; Warning  ; Input port expression (3 bits) is smaller than the input port (8 bits) it drives.  Extra input bit(s) "DIRB[7..3]" will be connected to GND. ;
; DIRI ; Input ; Info     ; Explicitly unconnected                                                                                                                       ;
+------+-------+----------+----------------------------------------------------------------------------------------------------------------------------------------------+


+-----------------------------------------------------------------------------------------------------------------------------------------+
; In-System Memory Content Editor Settings                                                                                                ;
+----------------+-------------+-------+-------+------------+-----------------------------------------------------------------------------+
; Instance Index ; Instance ID ; Width ; Depth ; Mode       ; Hierarchy Location                                                          ;
+----------------+-------------+-------+-------+------------+-----------------------------------------------------------------------------+
; 0              ; NONE        ; 13    ; 32    ; Read/Write ; rom:rom_inst|altsyncram:altsyncram_component|altsyncram_4sb1:auto_generated ;
+----------------+-------------+-------+-------+------------+-----------------------------------------------------------------------------+


+-----------------------------------------------------+
; Post-Synthesis Netlist Statistics for Top Partition ;
+-----------------------+-----------------------------+
; Type                  ; Count                       ;
+-----------------------+-----------------------------+
; boundary_port         ; 41                          ;
; cycloneiii_ff         ; 102                         ;
;     CLR               ; 6                           ;
;     ENA               ; 53                          ;
;     ENA CLR           ; 4                           ;
;     ENA CLR SLD       ; 5                           ;
;     ENA SLD           ; 8                           ;
;     plain             ; 26                          ;
; cycloneiii_lcell_comb ; 168                         ;
;     arith             ; 35                          ;
;         2 data inputs ; 35                          ;
;     normal            ; 133                         ;
;         1 data inputs ; 3                           ;
;         2 data inputs ; 18                          ;
;         3 data inputs ; 40                          ;
;         4 data inputs ; 72                          ;
; cycloneiii_ram_block  ; 13                          ;
;                       ;                             ;
; Max LUT depth         ; 6.00                        ;
; Average LUT depth     ; 2.92                        ;
+-----------------------+-----------------------------+


+-------------------------------+
; Elapsed Time Per Partition    ;
+----------------+--------------+
; Partition Name ; Elapsed Time ;
+----------------+--------------+
; Top            ; 00:00:08     ;
+----------------+--------------+


+-------------------------------+
; Analysis & Synthesis Messages ;
+-------------------------------+
Info: *******************************************************************
Info: Running Quartus II 64-Bit Analysis & Synthesis
    Info: Version 14.0.0 Build 200 06/17/2014 SJ Web Edition
    Info: Processing started: Mon Nov 03 15:14:13 2014
Info: Command: quartus_map --read_settings_files=on --write_settings_files=off usomycaII -c usomycaII
Warning (20028): Parallel compilation is not licensed and has been disabled
Info (12021): Found 1 design units, including 1 entities, in source file /users/xwx47/documents/altera/usomyca1/div.v
    Info (12023): Found entity 1: div
Info (12021): Found 1 design units, including 1 entities, in source file muxflag.v
    Info (12023): Found entity 1: muxflag
Info (12021): Found 1 design units, including 1 entities, in source file /users/xwx47/documents/altera/mica2/sumador.v
    Info (12023): Found entity 1: sumador
Info (12021): Found 1 design units, including 1 entities, in source file /users/xwx47/documents/altera/mica2/stack.v
    Info (12023): Found entity 1: stack
Info (12021): Found 1 design units, including 1 entities, in source file /users/xwx47/documents/altera/mica2/pc.v
    Info (12023): Found entity 1: pc
Info (12021): Found 1 design units, including 1 entities, in source file /users/xwx47/documents/altera/mica2/mycaii.v
    Info (12023): Found entity 1: MycaII
Info (12021): Found 1 design units, including 1 entities, in source file /users/xwx47/documents/altera/mica2/mux_1.v
    Info (12023): Found entity 1: mux_1
Warning (10229): Verilog HDL Expression warning at mrm.v(21): truncated literal to match 2 bits
Info (12021): Found 1 design units, including 1 entities, in source file /users/xwx47/documents/altera/mica2/mrm.v
    Info (12023): Found entity 1: mrm
Info (12021): Found 1 design units, including 1 entities, in source file /users/xwx47/documents/altera/mica2/dr.v
    Info (12023): Found entity 1: dr
Info (12021): Found 1 design units, including 1 entities, in source file /users/xwx47/documents/altera/mica2/contador.v
    Info (12023): Found entity 1: contador
Info (12021): Found 1 design units, including 1 entities, in source file usomycaii.v
    Info (12023): Found entity 1: usomycaII
Info (12021): Found 1 design units, including 1 entities, in source file rom.v
    Info (12023): Found entity 1: rom
Info (12127): Elaborating entity "usomycaII" for the top level hierarchy
Info (12128): Elaborating entity "MycaII" for hierarchy "MycaII:imycaII"
Info (12128): Elaborating entity "div" for hierarchy "MycaII:imycaII|div:div1"
Warning (10230): Verilog HDL assignment warning at div.v(28): truncated value with size 32 to match size of target (25)
Info (12128): Elaborating entity "mrm" for hierarchy "MycaII:imycaII|mrm:mrm1"
Info (12128): Elaborating entity "dr" for hierarchy "MycaII:imycaII|dr:dr1"
Warning (10230): Verilog HDL assignment warning at dr.v(7): truncated value with size 32 to match size of target (8)
Info (12128): Elaborating entity "stack" for hierarchy "MycaII:imycaII|stack:stack1"
Info (12128): Elaborating entity "mux_1" for hierarchy "MycaII:imycaII|mux_1:mux1"
Info (12128): Elaborating entity "pc" for hierarchy "MycaII:imycaII|pc:pc1"
Warning (10230): Verilog HDL assignment warning at pc.v(18): truncated value with size 32 to match size of target (8)
Info (12128): Elaborating entity "rom" for hierarchy "rom:rom_inst"
Info (12128): Elaborating entity "altsyncram" for hierarchy "rom:rom_inst|altsyncram:altsyncram_component"
Info (12130): Elaborated megafunction instantiation "rom:rom_inst|altsyncram:altsyncram_component"
Info (12133): Instantiated megafunction "rom:rom_inst|altsyncram:altsyncram_component" with the following parameter:
    Info (12134): Parameter "address_aclr_a" = "NONE"
    Info (12134): Parameter "clock_enable_input_a" = "BYPASS"
    Info (12134): Parameter "clock_enable_output_a" = "BYPASS"
    Info (12134): Parameter "init_file" = "datos.hex"
    Info (12134): Parameter "intended_device_family" = "Cyclone IV E"
    Info (12134): Parameter "lpm_hint" = "ENABLE_RUNTIME_MOD=YES,INSTANCE_NAME=NONE"
    Info (12134): Parameter "lpm_type" = "altsyncram"
    Info (12134): Parameter "numwords_a" = "32"
    Info (12134): Parameter "operation_mode" = "ROM"
    Info (12134): Parameter "outdata_aclr_a" = "NONE"
    Info (12134): Parameter "outdata_reg_a" = "UNREGISTERED"
    Info (12134): Parameter "widthad_a" = "5"
    Info (12134): Parameter "width_a" = "13"
    Info (12134): Parameter "width_byteena_a" = "1"
Info (12021): Found 1 design units, including 1 entities, in source file db/altsyncram_4sb1.tdf
    Info (12023): Found entity 1: altsyncram_4sb1
Info (12128): Elaborating entity "altsyncram_4sb1" for hierarchy "rom:rom_inst|altsyncram:altsyncram_component|altsyncram_4sb1:auto_generated"
Info (12021): Found 1 design units, including 1 entities, in source file db/altsyncram_h8d2.tdf
    Info (12023): Found entity 1: altsyncram_h8d2
Info (12128): Elaborating entity "altsyncram_h8d2" for hierarchy "rom:rom_inst|altsyncram:altsyncram_component|altsyncram_4sb1:auto_generated|altsyncram_h8d2:altsyncram1"
Info (12128): Elaborating entity "sld_mod_ram_rom" for hierarchy "rom:rom_inst|altsyncram:altsyncram_component|altsyncram_4sb1:auto_generated|sld_mod_ram_rom:mgl_prim2"
Info (12130): Elaborated megafunction instantiation "rom:rom_inst|altsyncram:altsyncram_component|altsyncram_4sb1:auto_generated|sld_mod_ram_rom:mgl_prim2"
Info (12133): Instantiated megafunction "rom:rom_inst|altsyncram:altsyncram_component|altsyncram_4sb1:auto_generated|sld_mod_ram_rom:mgl_prim2" with the following parameter:
    Info (12134): Parameter "CVALUE" = "0000000000000"
    Info (12134): Parameter "IS_DATA_IN_RAM" = "1"
    Info (12134): Parameter "IS_READABLE" = "1"
    Info (12134): Parameter "NODE_NAME" = "0"
    Info (12134): Parameter "NUMWORDS" = "32"
    Info (12134): Parameter "SHIFT_COUNT_BITS" = "4"
    Info (12134): Parameter "WIDTH_WORD" = "13"
    Info (12134): Parameter "WIDTHAD" = "5"
Info (12128): Elaborating entity "sld_rom_sr" for hierarchy "rom:rom_inst|altsyncram:altsyncram_component|altsyncram_4sb1:auto_generated|sld_mod_ram_rom:mgl_prim2|sld_rom_sr:\ram_rom_logic_gen:no_name_gen:info_rom_sr"
Info (12128): Elaborating entity "muxflag" for hierarchy "muxflag:muxflag1"
Warning (13046): Tri-state node(s) do not directly drive top-level pin(s)
    Warning (13049): Converted tri-state buffer "MycaII:imycaII|mux_1:mux1|z[0]" feeding internal logic into a wire
    Warning (13049): Converted tri-state buffer "MycaII:imycaII|mux_1:mux1|z[1]" feeding internal logic into a wire
    Warning (13049): Converted tri-state buffer "MycaII:imycaII|mux_1:mux1|z[2]" feeding internal logic into a wire
    Warning (13049): Converted tri-state buffer "MycaII:imycaII|mux_1:mux1|z[3]" feeding internal logic into a wire
    Warning (13049): Converted tri-state buffer "MycaII:imycaII|mux_1:mux1|z[4]" feeding internal logic into a wire
    Warning (13049): Converted tri-state buffer "MycaII:imycaII|mux_1:mux1|z[5]" feeding internal logic into a wire
    Warning (13049): Converted tri-state buffer "MycaII:imycaII|mux_1:mux1|z[6]" feeding internal logic into a wire
    Warning (13049): Converted tri-state buffer "MycaII:imycaII|mux_1:mux1|z[7]" feeding internal logic into a wire
    Warning (13049): Converted tri-state buffer "MycaII:imycaII|mrm:mrm1|D[0]" feeding internal logic into a wire
    Warning (13049): Converted tri-state buffer "MycaII:imycaII|mrm:mrm1|D[1]" feeding internal logic into a wire
    Warning (13049): Converted tri-state buffer "MycaII:imycaII|mrm:mrm1|D[2]" feeding internal logic into a wire
    Warning (13049): Converted tri-state buffer "MycaII:imycaII|mrm:mrm1|D[3]" feeding internal logic into a wire
    Warning (13049): Converted tri-state buffer "MycaII:imycaII|mrm:mrm1|D[4]" feeding internal logic into a wire
    Warning (13049): Converted tri-state buffer "MycaII:imycaII|mrm:mrm1|D[5]" feeding internal logic into a wire
    Warning (13049): Converted tri-state buffer "MycaII:imycaII|mrm:mrm1|D[6]" feeding internal logic into a wire
Warning (12241): 3 hierarchies have connectivity warnings - see the Connectivity Checks report folder
Info (286031): Timing-Driven Synthesis is running on partition "Top"
Info (16010): Generating hard_block partition "hard_block:auto_generated_inst"
    Info (16011): Adding 0 node(s), including 0 DDIO, 0 PLL, 0 transceiver and 0 LCELL
Info (21057): Implemented 347 device resources after synthesis - the final resource count might be different
    Info (21058): Implemented 10 input pins
    Info (21059): Implemented 14 output pins
    Info (21061): Implemented 309 logic cells
    Info (21064): Implemented 13 RAM segments
Info: Quartus II 64-Bit Analysis & Synthesis was successful. 0 errors, 22 warnings
    Info: Peak virtual memory: 586 megabytes
    Info: Processing ended: Mon Nov 03 15:15:05 2014
    Info: Elapsed time: 00:00:52
    Info: Total CPU time (on all processors): 00:00:33


