Flow report for myca1
Thu Sep 04 20:07:25 2014
Quartus II 64-Bit Version 14.0.0 Build 200 06/17/2014 SJ Web Edition


---------------------
; Table of Contents ;
---------------------
  1. Legal Notice
  2. Flow Summary
  3. Flow Settings
  4. Flow Non-Default Global Settings
  5. Flow Elapsed Time
  6. Flow OS Summary
  7. Flow Log
  8. Flow Messages
  9. Flow Suppressed Messages



----------------
; Legal Notice ;
----------------
Copyright (C) 1991-2014 Altera Corporation. All rights reserved.
Your use of Altera Corporation's design tools, logic functions 
and other software and tools, and its AMPP partner logic 
functions, and any output files from any of the foregoing 
(including device programming or simulation files), and any 
associated documentation or information are expressly subject 
to the terms and conditions of the Altera Program License 
Subscription Agreement, the Altera Quartus II License Agreement,
the Altera MegaCore Function License Agreement, or other 
applicable license agreement, including, without limitation, 
that your use is for the sole purpose of programming logic 
devices manufactured by Altera and sold by Altera or its 
authorized distributors.  Please refer to the applicable 
agreement for further details.



+---------------------------------------------------------------------------------+
; Flow Summary                                                                    ;
+------------------------------------+--------------------------------------------+
; Flow Status                        ; Successful - Thu Sep 04 20:07:25 2014      ;
; Quartus II 64-Bit Version          ; 14.0.0 Build 200 06/17/2014 SJ Web Edition ;
; Revision Name                      ; myca1                                      ;
; Top-level Entity Name              ; myca1                                      ;
; Family                             ; Cyclone IV E                               ;
; Device                             ; EP4CE22F17C6                               ;
; Timing Models                      ; Final                                      ;
; Total logic elements               ; 14 / 22,320 ( < 1 % )                      ;
;     Total combinational functions  ; 14 / 22,320 ( < 1 % )                      ;
;     Dedicated logic registers      ; 4 / 22,320 ( < 1 % )                       ;
; Total registers                    ; 4                                          ;
; Total pins                         ; 13 / 154 ( 8 % )                           ;
; Total virtual pins                 ; 0                                          ;
; Total memory bits                  ; 0 / 608,256 ( 0 % )                        ;
; Embedded Multiplier 9-bit elements ; 0 / 132 ( 0 % )                            ;
; Total PLLs                         ; 0 / 4 ( 0 % )                              ;
+------------------------------------+--------------------------------------------+


+-----------------------------------------+
; Flow Settings                           ;
+-------------------+---------------------+
; Option            ; Setting             ;
+-------------------+---------------------+
; Start date & time ; 08/28/2014 15:42:29 ;
; Main task         ; Compilation         ;
; Revision Name     ; myca1               ;
+-------------------+---------------------+


+---------------------------------------------------------------------------------------------------------------------------------------------+
; Flow Non-Default Global Settings                                                                                                            ;
+-------------------------------------+--------------------------------------------------------+---------------+-------------+----------------+
; Assignment Name                     ; Value                                                  ; Default Value ; Entity Name ; Section Id     ;
+-------------------------------------+--------------------------------------------------------+---------------+-------------+----------------+
; COMPILER_SIGNATURE_ID               ; 1098753129414.140925854801856                          ; --            ; --          ; --             ;
; EDA_GENERATE_FUNCTIONAL_NETLIST     ; Off                                                    ; --            ; --          ; eda_simulation ;
; EDA_NETLIST_WRITER_OUTPUT_DIR       ; C:/Users/Xwx47/Documents/Altera/myca1/simulation/qsim/ ; --            ; --          ; eda_simulation ;
; EDA_OUTPUT_DATA_FORMAT              ; Verilog Hdl                                            ; --            ; --          ; eda_simulation ;
; EDA_SIMULATION_TOOL                 ; ModelSim-Altera (Verilog)                              ; <None>        ; --          ; --             ;
; EDA_TIME_SCALE                      ; 1 ps                                                   ; --            ; --          ; eda_simulation ;
; MAX_CORE_JUNCTION_TEMP              ; 85                                                     ; --            ; --          ; --             ;
; MIN_CORE_JUNCTION_TEMP              ; 0                                                      ; --            ; --          ; --             ;
; NOMINAL_CORE_SUPPLY_VOLTAGE         ; 1.2V                                                   ; --            ; --          ; --             ;
; PARTITION_COLOR                     ; 16764057                                               ; --            ; --          ; Top            ;
; PARTITION_FITTER_PRESERVATION_LEVEL ; PLACEMENT_AND_ROUTING                                  ; --            ; --          ; Top            ;
; PARTITION_NETLIST_TYPE              ; SOURCE                                                 ; --            ; --          ; Top            ;
; PROJECT_OUTPUT_DIRECTORY            ; output_files                                           ; --            ; --          ; --             ;
+-------------------------------------+--------------------------------------------------------+---------------+-------------+----------------+


+-------------------------------------------------------------------------------------------------------------------------------+
; Flow Elapsed Time                                                                                                             ;
+---------------------------+--------------+-------------------------+---------------------+------------------------------------+
; Module Name               ; Elapsed Time ; Average Processors Used ; Peak Virtual Memory ; Total CPU Time (on all processors) ;
+---------------------------+--------------+-------------------------+---------------------+------------------------------------+
; Analysis & Synthesis      ; 00:00:08     ; 1.0                     ; 527 MB              ; 00:00:08                           ;
; Fitter                    ; 00:00:36     ; 1.0                     ; 772 MB              ; 00:00:34                           ;
; Assembler                 ; 00:00:08     ; 1.0                     ; 497 MB              ; 00:00:08                           ;
; TimeQuest Timing Analyzer ; 00:00:13     ; 1.0                     ; 532 MB              ; 00:00:11                           ;
; EDA Netlist Writer        ; 00:00:04     ; 1.0                     ; 430 MB              ; 00:00:04                           ;
; EDA Netlist Writer        ; 00:00:04     ; 1.0                     ; 436 MB              ; 00:00:03                           ;
; EDA Netlist Writer        ; 00:00:04     ; 1.0                     ; 452 MB              ; 00:00:03                           ;
; EDA Netlist Writer        ; 00:00:04     ; 1.0                     ; 436 MB              ; 00:00:03                           ;
; EDA Netlist Writer        ; 00:00:03     ; 1.0                     ; 452 MB              ; 00:00:03                           ;
; EDA Netlist Writer        ; 00:00:03     ; 1.0                     ; 436 MB              ; 00:00:03                           ;
; EDA Netlist Writer        ; 00:00:06     ; 1.0                     ; 452 MB              ; 00:00:04                           ;
; EDA Netlist Writer        ; 00:00:05     ; 1.0                     ; 436 MB              ; 00:00:04                           ;
; EDA Netlist Writer        ; 00:00:04     ; 1.0                     ; 452 MB              ; 00:00:04                           ;
; EDA Netlist Writer        ; 00:00:03     ; 1.0                     ; 436 MB              ; 00:00:03                           ;
; EDA Netlist Writer        ; 00:00:04     ; 1.0                     ; 452 MB              ; 00:00:03                           ;
; Total                     ; 00:01:49     ; --                      ; --                  ; 00:01:38                           ;
+---------------------------+--------------+-------------------------+---------------------+------------------------------------+


+----------------------------------------------------------------------------------------+
; Flow OS Summary                                                                        ;
+---------------------------+------------------+-----------+------------+----------------+
; Module Name               ; Machine Hostname ; OS Name   ; OS Version ; Processor type ;
+---------------------------+------------------+-----------+------------+----------------+
; Analysis & Synthesis      ; Xwx              ; Windows 7 ; 6.2        ; x86_64         ;
; Fitter                    ; Xwx              ; Windows 7 ; 6.2        ; x86_64         ;
; Assembler                 ; Xwx              ; Windows 7 ; 6.2        ; x86_64         ;
; TimeQuest Timing Analyzer ; Xwx              ; Windows 7 ; 6.2        ; x86_64         ;
; EDA Netlist Writer        ; Xwx              ; Windows 7 ; 6.2        ; x86_64         ;
; EDA Netlist Writer        ; Xwx              ; Windows 7 ; 6.2        ; x86_64         ;
; EDA Netlist Writer        ; Xwx              ; Windows 7 ; 6.2        ; x86_64         ;
; EDA Netlist Writer        ; Xwx              ; Windows 7 ; 6.2        ; x86_64         ;
; EDA Netlist Writer        ; Xwx              ; Windows 7 ; 6.2        ; x86_64         ;
; EDA Netlist Writer        ; Xwx              ; Windows 7 ; 6.2        ; x86_64         ;
; EDA Netlist Writer        ; Xwx              ; Windows 7 ; 6.2        ; x86_64         ;
; EDA Netlist Writer        ; Xwx              ; Windows 7 ; 6.2        ; x86_64         ;
; EDA Netlist Writer        ; Xwx              ; Windows 7 ; 6.2        ; x86_64         ;
; EDA Netlist Writer        ; Xwx              ; Windows 7 ; 6.2        ; x86_64         ;
; EDA Netlist Writer        ; Xwx              ; Windows 7 ; 6.2        ; x86_64         ;
+---------------------------+------------------+-----------+------------+----------------+


------------
; Flow Log ;
------------
quartus_map --read_settings_files=on --write_settings_files=off myca1 -c myca1
quartus_fit --read_settings_files=off --write_settings_files=off myca1 -c myca1
quartus_asm --read_settings_files=off --write_settings_files=off myca1 -c myca1
quartus_sta myca1 -c myca1
quartus_eda --read_settings_files=off --write_settings_files=off myca1 -c myca1
quartus_eda --gen_testbench --check_outputs=on --tool=modelsim_oem --format=verilog myca1 -c myca1 --vector_source=C:/Users/Xwx47/Documents/Altera/myca1/myca1.vwf --testbench_file=C:/Users/Xwx47/Documents/Altera/myca1/simulation/qsim/myca1.vwf.vt
quartus_eda --functional=on --flatten_buses=off --simulation=on --tool=modelsim_oem --format=verilog --output_directory=C:/Users/Xwx47/Documents/Altera/myca1/simulation/qsim/ myca1 -c myca1
quartus_eda --gen_testbench --check_outputs=on --tool=modelsim_oem --format=verilog myca1 -c myca1 --vector_source=C:/Users/Xwx47/Documents/Altera/myca1/myca1.vwf --testbench_file=C:/Users/Xwx47/Documents/Altera/myca1/simulation/qsim/myca1.vwf.vt
quartus_eda --functional=on --flatten_buses=off --simulation=on --tool=modelsim_oem --format=verilog --output_directory=C:/Users/Xwx47/Documents/Altera/myca1/simulation/qsim/ myca1 -c myca1
quartus_eda --gen_testbench --check_outputs=on --tool=modelsim_oem --format=verilog myca1 -c myca1 --vector_source=C:/Users/Xwx47/Documents/Altera/myca1/myca1.vwf --testbench_file=C:/Users/Xwx47/Documents/Altera/myca1/simulation/qsim/myca1.vwf.vt
quartus_eda --functional=on --flatten_buses=off --simulation=on --tool=modelsim_oem --format=verilog --output_directory=C:/Users/Xwx47/Documents/Altera/myca1/simulation/qsim/ myca1 -c myca1
quartus_eda --gen_testbench --check_outputs=on --tool=modelsim_oem --format=verilog myca1 -c myca1 --vector_source=C:/Users/Xwx47/Documents/Altera/myca1/myca1.vwf --testbench_file=C:/Users/Xwx47/Documents/Altera/myca1/simulation/qsim/myca1.vwf.vt
quartus_eda --functional=on --flatten_buses=off --simulation=on --tool=modelsim_oem --format=verilog --output_directory=C:/Users/Xwx47/Documents/Altera/myca1/simulation/qsim/ myca1 -c myca1
quartus_eda --gen_testbench --check_outputs=on --tool=modelsim_oem --format=verilog myca1 -c myca1 --vector_source=C:/Users/Xwx47/Documents/Altera/myca1/myca1.vwf --testbench_file=C:/Users/Xwx47/Documents/Altera/myca1/simulation/qsim/myca1.vwf.vt
quartus_eda --functional=on --flatten_buses=off --simulation=on --tool=modelsim_oem --format=verilog --output_directory=C:/Users/Xwx47/Documents/Altera/myca1/simulation/qsim/ myca1 -c myca1



